<?xml version="1.0" encoding="UTF-8"?>
<testng-results skipped="0" failed="1" ignored="0" total="8" passed="7">
  <reporter-output>
  </reporter-output>
  <suite name="Suite" duration-ms="158861" started-at="2020-04-05T17:51:29Z" finished-at="2020-04-05T17:54:08Z">
    <groups>
    </groups>
    <test name="Test" duration-ms="158861" started-at="2020-04-05T17:51:29Z" finished-at="2020-04-05T17:54:08Z">
      <class name="com.qa.MyTests.HomePageTest">
        <test-method status="PASS" signature="setUpTest(java.lang.String)[pri:0, instance:com.qa.MyTests.HomePageTest@69d9c55]" name="setUpTest" is-config="true" duration-ms="8284" started-at="2020-04-05T17:51:29Z" finished-at="2020-04-05T17:51:37Z">
          <params>
            <param index="0">
              <value>
                <![CDATA[chrome]]>
              </value>
            </param>
          </params>
          <reporter-output>
          </reporter-output>
        </test-method> <!-- setUpTest -->
        <test-method status="PASS" signature="verifyHomePageTitle()[pri:1, instance:com.qa.MyTests.HomePageTest@69d9c55]" name="verifyHomePageTitle" duration-ms="1052" started-at="2020-04-05T17:51:37Z" finished-at="2020-04-05T17:51:38Z">
          <reporter-output>
          </reporter-output>
        </test-method> <!-- verifyHomePageTitle -->
        <test-method status="PASS" signature="tearDown(org.testng.ITestResult)[pri:0, instance:com.qa.MyTests.HomePageTest@69d9c55]" name="tearDown" is-config="true" duration-ms="960" started-at="2020-04-05T17:51:38Z" finished-at="2020-04-05T17:51:39Z">
          <params>
            <param index="0">
              <value>
                <![CDATA[[TestResult name=verifyHomePageTitle status=SUCCESS method=HomePageTest.verifyHomePageTitle()[pri:1, instance:com.qa.MyTests.HomePageTest@69d9c55] output={null}]]]>
              </value>
            </param>
          </params>
          <reporter-output>
          </reporter-output>
        </test-method> <!-- tearDown -->
        <test-method status="PASS" signature="setUpTest(java.lang.String)[pri:0, instance:com.qa.MyTests.HomePageTest@69d9c55]" name="setUpTest" is-config="true" duration-ms="6079" started-at="2020-04-05T17:51:39Z" finished-at="2020-04-05T17:51:45Z">
          <params>
            <param index="0">
              <value>
                <![CDATA[chrome]]>
              </value>
            </param>
          </params>
          <reporter-output>
          </reporter-output>
        </test-method> <!-- setUpTest -->
        <test-method status="PASS" signature="verifyCurrentTab()[pri:2, instance:com.qa.MyTests.HomePageTest@69d9c55]" name="verifyCurrentTab" duration-ms="103" started-at="2020-04-05T17:51:45Z" finished-at="2020-04-05T17:51:46Z">
          <reporter-output>
          </reporter-output>
        </test-method> <!-- verifyCurrentTab -->
        <test-method status="PASS" signature="tearDown(org.testng.ITestResult)[pri:0, instance:com.qa.MyTests.HomePageTest@69d9c55]" name="tearDown" is-config="true" duration-ms="623" started-at="2020-04-05T17:51:46Z" finished-at="2020-04-05T17:51:46Z">
          <params>
            <param index="0">
              <value>
                <![CDATA[[TestResult name=verifyCurrentTab status=SUCCESS method=HomePageTest.verifyCurrentTab()[pri:2, instance:com.qa.MyTests.HomePageTest@69d9c55] output={null}]]]>
              </value>
            </param>
          </params>
          <reporter-output>
          </reporter-output>
        </test-method> <!-- tearDown -->
        <test-method status="PASS" signature="setUpTest(java.lang.String)[pri:0, instance:com.qa.MyTests.HomePageTest@69d9c55]" name="setUpTest" is-config="true" duration-ms="6339" started-at="2020-04-05T17:51:46Z" finished-at="2020-04-05T17:51:53Z">
          <params>
            <param index="0">
              <value>
                <![CDATA[chrome]]>
              </value>
            </param>
          </params>
          <reporter-output>
          </reporter-output>
        </test-method> <!-- setUpTest -->
        <test-method status="PASS" signature="verifySelectRoundTrip()[pri:3, instance:com.qa.MyTests.HomePageTest@69d9c55]" name="verifySelectRoundTrip" duration-ms="259" started-at="2020-04-05T17:51:53Z" finished-at="2020-04-05T17:51:53Z">
          <reporter-output>
          </reporter-output>
        </test-method> <!-- verifySelectRoundTrip -->
        <test-method status="PASS" signature="tearDown(org.testng.ITestResult)[pri:0, instance:com.qa.MyTests.HomePageTest@69d9c55]" name="tearDown" is-config="true" duration-ms="662" started-at="2020-04-05T17:51:53Z" finished-at="2020-04-05T17:51:53Z">
          <params>
            <param index="0">
              <value>
                <![CDATA[[TestResult name=verifySelectRoundTrip status=SUCCESS method=HomePageTest.verifySelectRoundTrip()[pri:3, instance:com.qa.MyTests.HomePageTest@69d9c55] output={null}]]]>
              </value>
            </param>
          </params>
          <reporter-output>
          </reporter-output>
        </test-method> <!-- tearDown -->
        <test-method status="PASS" signature="setUpTest(java.lang.String)[pri:0, instance:com.qa.MyTests.HomePageTest@69d9c55]" name="setUpTest" is-config="true" duration-ms="5917" started-at="2020-04-05T17:51:53Z" finished-at="2020-04-05T17:51:59Z">
          <params>
            <param index="0">
              <value>
                <![CDATA[chrome]]>
              </value>
            </param>
          </params>
          <reporter-output>
          </reporter-output>
        </test-method> <!-- setUpTest -->
        <test-method status="PASS" signature="verifySelectFromCity()[pri:4, instance:com.qa.MyTests.HomePageTest@69d9c55]" name="verifySelectFromCity" duration-ms="1705" started-at="2020-04-05T17:51:59Z" finished-at="2020-04-05T17:52:01Z">
          <reporter-output>
          </reporter-output>
        </test-method> <!-- verifySelectFromCity -->
        <test-method status="PASS" signature="tearDown(org.testng.ITestResult)[pri:0, instance:com.qa.MyTests.HomePageTest@69d9c55]" name="tearDown" is-config="true" duration-ms="652" started-at="2020-04-05T17:52:01Z" finished-at="2020-04-05T17:52:02Z">
          <params>
            <param index="0">
              <value>
                <![CDATA[[TestResult name=verifySelectFromCity status=SUCCESS method=HomePageTest.verifySelectFromCity()[pri:4, instance:com.qa.MyTests.HomePageTest@69d9c55] output={null}]]]>
              </value>
            </param>
          </params>
          <reporter-output>
          </reporter-output>
        </test-method> <!-- tearDown -->
        <test-method status="PASS" signature="setUpTest(java.lang.String)[pri:0, instance:com.qa.MyTests.HomePageTest@69d9c55]" name="setUpTest" is-config="true" duration-ms="6220" started-at="2020-04-05T17:52:02Z" finished-at="2020-04-05T17:52:08Z">
          <params>
            <param index="0">
              <value>
                <![CDATA[chrome]]>
              </value>
            </param>
          </params>
          <reporter-output>
          </reporter-output>
        </test-method> <!-- setUpTest -->
        <test-method status="PASS" signature="verifySelectToCity()[pri:5, instance:com.qa.MyTests.HomePageTest@69d9c55]" name="verifySelectToCity" duration-ms="2017" started-at="2020-04-05T17:52:08Z" finished-at="2020-04-05T17:52:10Z">
          <reporter-output>
          </reporter-output>
        </test-method> <!-- verifySelectToCity -->
        <test-method status="PASS" signature="tearDown(org.testng.ITestResult)[pri:0, instance:com.qa.MyTests.HomePageTest@69d9c55]" name="tearDown" is-config="true" duration-ms="619" started-at="2020-04-05T17:52:10Z" finished-at="2020-04-05T17:52:11Z">
          <params>
            <param index="0">
              <value>
                <![CDATA[[TestResult name=verifySelectToCity status=SUCCESS method=HomePageTest.verifySelectToCity()[pri:5, instance:com.qa.MyTests.HomePageTest@69d9c55] output={null}]]]>
              </value>
            </param>
          </params>
          <reporter-output>
          </reporter-output>
        </test-method> <!-- tearDown -->
        <test-method status="PASS" signature="setUpTest(java.lang.String)[pri:0, instance:com.qa.MyTests.HomePageTest@69d9c55]" name="setUpTest" is-config="true" duration-ms="6009" started-at="2020-04-05T17:52:11Z" finished-at="2020-04-05T17:52:17Z">
          <params>
            <param index="0">
              <value>
                <![CDATA[chrome]]>
              </value>
            </param>
          </params>
          <reporter-output>
          </reporter-output>
        </test-method> <!-- setUpTest -->
        <test-method status="PASS" signature="verifySelectDates()[pri:6, instance:com.qa.MyTests.HomePageTest@69d9c55]" name="verifySelectDates" duration-ms="14035" started-at="2020-04-05T17:52:17Z" finished-at="2020-04-05T17:52:31Z">
          <reporter-output>
          </reporter-output>
        </test-method> <!-- verifySelectDates -->
        <test-method status="PASS" signature="tearDown(org.testng.ITestResult)[pri:0, instance:com.qa.MyTests.HomePageTest@69d9c55]" name="tearDown" is-config="true" duration-ms="672" started-at="2020-04-05T17:52:31Z" finished-at="2020-04-05T17:52:31Z">
          <params>
            <param index="0">
              <value>
                <![CDATA[[TestResult name=verifySelectDates status=SUCCESS method=HomePageTest.verifySelectDates()[pri:6, instance:com.qa.MyTests.HomePageTest@69d9c55] output={null}]]]>
              </value>
            </param>
          </params>
          <reporter-output>
          </reporter-output>
        </test-method> <!-- tearDown -->
        <test-method status="PASS" signature="setUpTest(java.lang.String)[pri:0, instance:com.qa.MyTests.HomePageTest@69d9c55]" name="setUpTest" is-config="true" duration-ms="6041" started-at="2020-04-05T17:52:31Z" finished-at="2020-04-05T17:52:37Z">
          <params>
            <param index="0">
              <value>
                <![CDATA[chrome]]>
              </value>
            </param>
          </params>
          <reporter-output>
          </reporter-output>
        </test-method> <!-- setUpTest -->
        <test-method status="FAIL" signature="verifyClickSearchButton()[pri:7, instance:com.qa.MyTests.HomePageTest@69d9c55]" name="verifyClickSearchButton" duration-ms="3090" started-at="2020-04-05T17:52:37Z" finished-at="2020-04-05T17:52:40Z">
          <exception class="org.openqa.selenium.ElementClickInterceptedException">
            <message>
              <![CDATA[element click intercepted: Element <span class="lbl_input latoBold appendBottom10">...</span> is not clickable at point (688, 232). Other element would receive the click: <label for="departure">...</label>
  (Session info: chrome=80.0.3987.149)
Build info: version: '3.141.59', revision: 'e82be7d358', time: '2018-11-14T08:17:03'
System info: host: 'OS-KAPIL', ip: '192.168.1.79', os.name: 'Windows 7', os.arch: 'amd64', os.version: '6.1', java.version: '1.8.0_221'
Driver info: org.openqa.selenium.chrome.ChromeDriver
Capabilities {acceptInsecureCerts: false, browserName: chrome, browserVersion: 80.0.3987.149, chrome: {chromedriverVersion: 80.0.3987.106 (f68069574609..., userDataDir: C:\Users\KAPIL~1.RAN\AppDat...}, goog:chromeOptions: {debuggerAddress: localhost:56593}, javascriptEnabled: true, networkConnectionEnabled: false, pageLoadStrategy: normal, platform: WINDOWS, platformName: WINDOWS, proxy: Proxy(), setWindowRect: true, strictFileInteractability: false, timeouts: {implicit: 0, pageLoad: 300000, script: 30000}, unhandledPromptBehavior: dismiss and notify}
Session ID: 2ba7e72bc5a479f5d9f723af8fd8ea0e]]>
            </message>
            <full-stacktrace>
              <![CDATA[org.openqa.selenium.ElementClickInterceptedException: element click intercepted: Element <span class="lbl_input latoBold appendBottom10">...</span> is not clickable at point (688, 232). Other element would receive the click: <label for="departure">...</label>
  (Session info: chrome=80.0.3987.149)
Build info: version: '3.141.59', revision: 'e82be7d358', time: '2018-11-14T08:17:03'
System info: host: 'OS-KAPIL', ip: '192.168.1.79', os.name: 'Windows 7', os.arch: 'amd64', os.version: '6.1', java.version: '1.8.0_221'
Driver info: org.openqa.selenium.chrome.ChromeDriver
Capabilities {acceptInsecureCerts: false, browserName: chrome, browserVersion: 80.0.3987.149, chrome: {chromedriverVersion: 80.0.3987.106 (f68069574609..., userDataDir: C:\Users\KAPIL~1.RAN\AppDat...}, goog:chromeOptions: {debuggerAddress: localhost:56593}, javascriptEnabled: true, networkConnectionEnabled: false, pageLoadStrategy: normal, platform: WINDOWS, platformName: WINDOWS, proxy: Proxy(), setWindowRect: true, strictFileInteractability: false, timeouts: {implicit: 0, pageLoad: 300000, script: 30000}, unhandledPromptBehavior: dismiss and notify}
Session ID: 2ba7e72bc5a479f5d9f723af8fd8ea0e
at sun.reflect.NativeConstructorAccessorImpl.newInstance0(Native Method)
at sun.reflect.NativeConstructorAccessorImpl.newInstance(NativeConstructorAccessorImpl.java:62)
at sun.reflect.DelegatingConstructorAccessorImpl.newInstance(DelegatingConstructorAccessorImpl.java:45)
at java.lang.reflect.Constructor.newInstance(Constructor.java:423)
at org.openqa.selenium.remote.http.W3CHttpResponseCodec.createException(W3CHttpResponseCodec.java:187)
at org.openqa.selenium.remote.http.W3CHttpResponseCodec.decode(W3CHttpResponseCodec.java:122)
at org.openqa.selenium.remote.http.W3CHttpResponseCodec.decode(W3CHttpResponseCodec.java:49)
at org.openqa.selenium.remote.HttpCommandExecutor.execute(HttpCommandExecutor.java:158)
at org.openqa.selenium.remote.service.DriverCommandExecutor.execute(DriverCommandExecutor.java:83)
at org.openqa.selenium.remote.RemoteWebDriver.execute(RemoteWebDriver.java:552)
at org.openqa.selenium.remote.RemoteWebElement.execute(RemoteWebElement.java:285)
at org.openqa.selenium.remote.RemoteWebElement.click(RemoteWebElement.java:84)
at com.qa.mypages.HomePage.selectDates(HomePage.java:141)
at com.qa.MyTests.HomePageTest.verifySelectDates(HomePageTest.java:59)
at com.qa.MyTests.HomePageTest.verifyClickSearchButton(HomePageTest.java:66)
at sun.reflect.NativeMethodAccessorImpl.invoke0(Native Method)
at sun.reflect.NativeMethodAccessorImpl.invoke(NativeMethodAccessorImpl.java:62)
at sun.reflect.DelegatingMethodAccessorImpl.invoke(DelegatingMethodAccessorImpl.java:43)
at java.lang.reflect.Method.invoke(Method.java:498)
at org.testng.internal.MethodInvocationHelper.invokeMethod(MethodInvocationHelper.java:124)
at org.testng.internal.Invoker.invokeMethod(Invoker.java:583)
at org.testng.internal.Invoker.invokeTestMethod(Invoker.java:719)
at org.testng.internal.Invoker.invokeTestMethods(Invoker.java:989)
at org.testng.internal.TestMethodWorker.invokeTestMethods(TestMethodWorker.java:125)
at org.testng.internal.TestMethodWorker.run(TestMethodWorker.java:109)
at org.testng.TestRunner.privateRun(TestRunner.java:648)
at org.testng.TestRunner.run(TestRunner.java:505)
at org.testng.SuiteRunner.runTest(SuiteRunner.java:455)
at org.testng.SuiteRunner.runSequentially(SuiteRunner.java:450)
at org.testng.SuiteRunner.privateRun(SuiteRunner.java:415)
at org.testng.SuiteRunner.run(SuiteRunner.java:364)
at org.testng.SuiteRunnerWorker.runSuite(SuiteRunnerWorker.java:52)
at org.testng.SuiteRunnerWorker.run(SuiteRunnerWorker.java:84)
at org.testng.TestNG.runSuitesSequentially(TestNG.java:1208)
at org.testng.TestNG.runSuitesLocally(TestNG.java:1137)
at org.testng.TestNG.runSuites(TestNG.java:1049)
at org.testng.TestNG.run(TestNG.java:1017)
at org.apache.maven.surefire.testng.TestNGExecutor.run(TestNGExecutor.java:283)
at org.apache.maven.surefire.testng.TestNGXmlTestSuite.execute(TestNGXmlTestSuite.java:75)
at org.apache.maven.surefire.testng.TestNGProvider.invoke(TestNGProvider.java:120)
at org.apache.maven.surefire.booter.ForkedBooter.runSuitesInProcess(ForkedBooter.java:377)
at org.apache.maven.surefire.booter.ForkedBooter.execute(ForkedBooter.java:138)
at org.apache.maven.surefire.booter.ForkedBooter.run(ForkedBooter.java:465)
at org.apache.maven.surefire.booter.ForkedBooter.main(ForkedBooter.java:451)
]]>
            </full-stacktrace>
          </exception> <!-- org.openqa.selenium.ElementClickInterceptedException -->
          <reporter-output>
          </reporter-output>
        </test-method> <!-- verifyClickSearchButton -->
        <test-method status="PASS" signature="tearDown(org.testng.ITestResult)[pri:0, instance:com.qa.MyTests.HomePageTest@69d9c55]" name="tearDown" is-config="true" duration-ms="1025" started-at="2020-04-05T17:52:40Z" finished-at="2020-04-05T17:52:41Z">
          <params>
            <param index="0">
              <value>
                <![CDATA[[TestResult name=verifyClickSearchButton status=FAILURE method=HomePageTest.verifyClickSearchButton()[pri:7, instance:com.qa.MyTests.HomePageTest@69d9c55] output={null}]]]>
              </value>
            </param>
          </params>
          <reporter-output>
          </reporter-output>
        </test-method> <!-- tearDown -->
        <test-method status="PASS" signature="setUpTest(java.lang.String)[pri:0, instance:com.qa.MyTests.HomePageTest@69d9c55]" name="setUpTest" is-config="true" duration-ms="5914" started-at="2020-04-05T17:52:41Z" finished-at="2020-04-05T17:52:47Z">
          <params>
            <param index="0">
              <value>
                <![CDATA[chrome]]>
              </value>
            </param>
          </params>
          <reporter-output>
          </reporter-output>
        </test-method> <!-- setUpTest -->
        <test-method status="PASS" signature="verifyAllHomePageLinks()[pri:8, instance:com.qa.MyTests.HomePageTest@69d9c55]" name="verifyAllHomePageLinks" duration-ms="79863" started-at="2020-04-05T17:52:47Z" finished-at="2020-04-05T17:54:07Z">
          <reporter-output>
          </reporter-output>
        </test-method> <!-- verifyAllHomePageLinks -->
        <test-method status="PASS" signature="tearDown(org.testng.ITestResult)[pri:0, instance:com.qa.MyTests.HomePageTest@69d9c55]" name="tearDown" is-config="true" duration-ms="673" started-at="2020-04-05T17:54:07Z" finished-at="2020-04-05T17:54:08Z">
          <params>
            <param index="0">
              <value>
                <![CDATA[[TestResult name=verifyAllHomePageLinks status=SUCCESS method=HomePageTest.verifyAllHomePageLinks()[pri:8, instance:com.qa.MyTests.HomePageTest@69d9c55] output={null}]]]>
              </value>
            </param>
          </params>
          <reporter-output>
          </reporter-output>
        </test-method> <!-- tearDown -->
      </class> <!-- com.qa.MyTests.HomePageTest -->
    </test> <!-- Test -->
  </suite> <!-- Suite -->
</testng-results>
